Arguments: 
  C:\Program Files\nodejs\node.exe C:\Users\veere\AppData\Roaming\npm\node_modules\yarn\bin\yarn.js install

PATH: 
  C:\Python39\Scripts\;C:\Python39\;C:\Windows\system32;C:\Windows;C:\Windows\System32\Wbem;C:\Windows\System32\WindowsPowerShell\v1.0\;C:\Windows\System32\OpenSSH\;C:\Program Files\nodejs\;C:\ProgramData\chocolatey\bin;C:\Program Files\Git\cmd;C:\Users\veere\AppData\Local\Microsoft\WindowsApps;;C:\Users\veere\AppData\Local\Programs\Microsoft VS Code\bin;C:\Users\veere\AppData\Roaming\npm;C:\Program Files\heroku\bin

Yarn version: 
  1.22.11

Node version: 
  14.17.6

Platform: 
  win32 x64

Trace: 
  SyntaxError: C:\Users\veere\Downloads\analogicaNew-main\analogicaNew-main\package.json: Unexpected end of JSON input
      at JSON.parse (<anonymous>)
      at C:\Users\veere\AppData\Roaming\npm\node_modules\yarn\lib\cli.js:1625:59
      at Generator.next (<anonymous>)
      at step (C:\Users\veere\AppData\Roaming\npm\node_modules\yarn\lib\cli.js:310:30)
      at C:\Users\veere\AppData\Roaming\npm\node_modules\yarn\lib\cli.js:321:13

npm manifest: 
  

yarn manifest: 
  No manifest

Lockfile: 
  No lockfile
